<?xml version="1.0" encoding="UTF-8"?>
<testng-results ignored="0" total="1" passed="1" failed="0" skipped="0">
  <reporter-output>
  </reporter-output>
  <suite started-at="2022-01-26T20:51:50 IST" name="Default suite" finished-at="2022-01-26T20:51:51 IST" duration-ms="256">
    <groups>
    </groups>
    <test started-at="2022-01-26T20:51:50 IST" name="Default test" finished-at="2022-01-26T20:51:51 IST" duration-ms="256">
      <class name="com.crm.sdet.demoGit.DemoGit">
        <test-method signature="demoGit()[pri:0, instance:com.crm.sdet.demoGit.DemoGit@6ff29830]" started-at="2022-01-26T20:51:51 IST" name="demoGit" finished-at="2022-01-26T20:51:51 IST" duration-ms="42" status="PASS">
          <reporter-output>
          </reporter-output>
        </test-method> <!-- demoGit -->
      </class> <!-- com.crm.sdet.demoGit.DemoGit -->
    </test> <!-- Default test -->
  </suite> <!-- Default suite -->
</testng-results>
